[1.356s] Invoking command in '/home/alaeddine/sheep_herding_ws/src/sheep_simulation': PYTHONPATH=/home/alaeddine/sheep_herding_ws/build/sheep_simulation/prefix_override:/usr/lib/python3/dist-packages/colcon_core/task/python/colcon_distutils_commands:/home/alaeddine/sheep_herding_ws/install/sheep_simulation/lib/python3.12/site-packages:${PYTHONPATH} /usr/bin/python3 -W ignore:setup.py install is deprecated setup.py egg_info --egg-base ../../build/sheep_simulation build --build-base /home/alaeddine/sheep_herding_ws/build/sheep_simulation/build install --record /home/alaeddine/sheep_herding_ws/build/sheep_simulation/install.log --single-version-externally-managed install_data
[1.796s] running egg_info
[1.825s] writing ../../build/sheep_simulation/sheep_simulation.egg-info/PKG-INFO
[1.826s] writing dependency_links to ../../build/sheep_simulation/sheep_simulation.egg-info/dependency_links.txt
[1.827s] writing entry points to ../../build/sheep_simulation/sheep_simulation.egg-info/entry_points.txt
[1.827s] writing requirements to ../../build/sheep_simulation/sheep_simulation.egg-info/requires.txt
[1.828s] writing top-level names to ../../build/sheep_simulation/sheep_simulation.egg-info/top_level.txt
[1.894s] reading manifest file '../../build/sheep_simulation/sheep_simulation.egg-info/SOURCES.txt'
[1.895s] writing manifest file '../../build/sheep_simulation/sheep_simulation.egg-info/SOURCES.txt'
[1.896s] running build
[1.897s] running build_py
[1.897s] copying sheep_simulation/sheep_node.py -> /home/alaeddine/sheep_herding_ws/build/sheep_simulation/build/lib/sheep_simulation
[1.898s] running install
[1.906s] running install_lib
[1.937s] copying /home/alaeddine/sheep_herding_ws/build/sheep_simulation/build/lib/sheep_simulation/sheep_node.py -> /home/alaeddine/sheep_herding_ws/install/sheep_simulation/lib/python3.12/site-packages/sheep_simulation
[1.938s] byte-compiling /home/alaeddine/sheep_herding_ws/install/sheep_simulation/lib/python3.12/site-packages/sheep_simulation/sheep_node.py to sheep_node.cpython-312.pyc
[1.940s] running install_data
[1.940s] running install_egg_info
[1.977s] removing '/home/alaeddine/sheep_herding_ws/install/sheep_simulation/lib/python3.12/site-packages/sheep_simulation-0.0.0-py3.12.egg-info' (and everything under it)
[1.977s] Copying ../../build/sheep_simulation/sheep_simulation.egg-info to /home/alaeddine/sheep_herding_ws/install/sheep_simulation/lib/python3.12/site-packages/sheep_simulation-0.0.0-py3.12.egg-info
[1.979s] running install_scripts
[2.197s] Installing sheep_node script to /home/alaeddine/sheep_herding_ws/install/sheep_simulation/lib/sheep_simulation
[2.197s] writing list of installed files to '/home/alaeddine/sheep_herding_ws/build/sheep_simulation/install.log'
[2.265s] Invoked command in '/home/alaeddine/sheep_herding_ws/src/sheep_simulation' returned '0': PYTHONPATH=/home/alaeddine/sheep_herding_ws/build/sheep_simulation/prefix_override:/usr/lib/python3/dist-packages/colcon_core/task/python/colcon_distutils_commands:/home/alaeddine/sheep_herding_ws/install/sheep_simulation/lib/python3.12/site-packages:${PYTHONPATH} /usr/bin/python3 -W ignore:setup.py install is deprecated setup.py egg_info --egg-base ../../build/sheep_simulation build --build-base /home/alaeddine/sheep_herding_ws/build/sheep_simulation/build install --record /home/alaeddine/sheep_herding_ws/build/sheep_simulation/install.log --single-version-externally-managed install_data
