[1.355s] DEBUG:colcon:Command line arguments: ['/usr/bin/colcon', 'build']
[1.355s] DEBUG:colcon:Parsed command line arguments: Namespace(log_base=None, log_level=None, verb_name='build', build_base='build', install_base='install', merge_install=False, symlink_install=False, test_result_base=None, continue_on_error=False, executor='parallel', parallel_workers=8, event_handlers=None, ignore_user_meta=False, metas=['./colcon.meta'], base_paths=['.'], packages_ignore=None, packages_ignore_regex=None, paths=None, packages_up_to=None, packages_up_to_regex=None, packages_above=None, packages_above_and_dependencies=None, packages_above_depth=None, packages_select_by_dep=None, packages_skip_by_dep=None, packages_skip_up_to=None, packages_select_build_failed=False, packages_skip_build_finished=False, packages_select_test_failures=False, packages_skip_test_passed=False, packages_select=None, packages_skip=None, packages_select_regex=None, packages_skip_regex=None, packages_start=None, packages_end=None, allow_overriding=[], cmake_args=None, cmake_target=None, cmake_target_skip_unavailable=False, cmake_clean_cache=False, cmake_clean_first=False, cmake_force_configure=False, ament_cmake_args=None, catkin_cmake_args=None, catkin_skip_building_tests=False, mixin_files=None, mixin=None, verb_parser=<colcon_mixin.mixin.mixin_argument.MixinArgumentDecorator object at 0x7fa293303740>, verb_extension=<colcon_core.verb.build.BuildVerb object at 0x7fa2933030b0>, main=<bound method BuildVerb.main of <colcon_core.verb.build.BuildVerb object at 0x7fa2933030b0>>, mixin_verb=('build',))
[1.604s] Level 1:colcon.colcon_core.package_discovery:discover_packages(colcon_meta) check parameters
[1.604s] Level 1:colcon.colcon_core.package_discovery:discover_packages(recursive) check parameters
[1.604s] Level 1:colcon.colcon_core.package_discovery:discover_packages(ignore) check parameters
[1.604s] Level 1:colcon.colcon_core.package_discovery:discover_packages(path) check parameters
[1.604s] Level 1:colcon.colcon_core.package_discovery:discover_packages(colcon_meta) discover
[1.605s] Level 1:colcon.colcon_core.package_discovery:discover_packages(recursive) discover
[1.605s] INFO:colcon.colcon_core.package_discovery:Crawling recursively for packages in '/home/alaeddine/CS4048_SheepHerding'
[1.605s] Level 1:colcon.colcon_core.package_identification:_identify(.) by extensions ['ignore', 'ignore_ament_install']
[1.606s] Level 1:colcon.colcon_core.package_identification:_identify(.) by extension 'ignore'
[1.606s] Level 1:colcon.colcon_core.package_identification:_identify(.) by extension 'ignore_ament_install'
[1.606s] Level 1:colcon.colcon_core.package_identification:_identify(.) by extensions ['colcon_pkg']
[1.606s] Level 1:colcon.colcon_core.package_identification:_identify(.) by extension 'colcon_pkg'
[1.607s] Level 1:colcon.colcon_core.package_identification:_identify(.) by extensions ['colcon_meta']
[1.607s] Level 1:colcon.colcon_core.package_identification:_identify(.) by extension 'colcon_meta'
[1.607s] Level 1:colcon.colcon_core.package_identification:_identify(.) by extensions ['ros']
[1.607s] Level 1:colcon.colcon_core.package_identification:_identify(.) by extension 'ros'
[1.812s] Level 1:colcon.colcon_core.package_identification:_identify(.) by extensions ['cmake', 'python']
[1.813s] Level 1:colcon.colcon_core.package_identification:_identify(.) by extension 'cmake'
[1.813s] Level 1:colcon.colcon_core.package_identification:_identify(.) by extension 'python'
[1.814s] Level 1:colcon.colcon_core.package_identification:_identify(.) by extensions ['python_setup_py']
[1.814s] Level 1:colcon.colcon_core.package_identification:_identify(.) by extension 'python_setup_py'
[1.814s] Level 1:colcon.colcon_core.package_identification:_identify(build) by extensions ['ignore', 'ignore_ament_install']
[1.815s] Level 1:colcon.colcon_core.package_identification:_identify(build) by extension 'ignore'
[1.815s] Level 1:colcon.colcon_core.package_identification:_identify(build) ignored
[1.815s] Level 1:colcon.colcon_core.package_identification:_identify(install) by extensions ['ignore', 'ignore_ament_install']
[1.816s] Level 1:colcon.colcon_core.package_identification:_identify(install) by extension 'ignore'
[1.816s] Level 1:colcon.colcon_core.package_identification:_identify(install) ignored
[1.817s] Level 1:colcon.colcon_core.package_identification:_identify(log) by extensions ['ignore', 'ignore_ament_install']
[1.817s] Level 1:colcon.colcon_core.package_identification:_identify(log) by extension 'ignore'
[1.818s] Level 1:colcon.colcon_core.package_identification:_identify(log) ignored
[1.818s] Level 1:colcon.colcon_core.package_identification:_identify(src) by extensions ['ignore', 'ignore_ament_install']
[1.819s] Level 1:colcon.colcon_core.package_identification:_identify(src) by extension 'ignore'
[1.819s] Level 1:colcon.colcon_core.package_identification:_identify(src) by extension 'ignore_ament_install'
[1.820s] Level 1:colcon.colcon_core.package_identification:_identify(src) by extensions ['colcon_pkg']
[1.820s] Level 1:colcon.colcon_core.package_identification:_identify(src) by extension 'colcon_pkg'
[1.820s] Level 1:colcon.colcon_core.package_identification:_identify(src) by extensions ['colcon_meta']
[1.820s] Level 1:colcon.colcon_core.package_identification:_identify(src) by extension 'colcon_meta'
[1.820s] Level 1:colcon.colcon_core.package_identification:_identify(src) by extensions ['ros']
[1.820s] Level 1:colcon.colcon_core.package_identification:_identify(src) by extension 'ros'
[1.821s] Level 1:colcon.colcon_core.package_identification:_identify(src) by extensions ['cmake', 'python']
[1.821s] Level 1:colcon.colcon_core.package_identification:_identify(src) by extension 'cmake'
[1.821s] Level 1:colcon.colcon_core.package_identification:_identify(src) by extension 'python'
[1.821s] Level 1:colcon.colcon_core.package_identification:_identify(src) by extensions ['python_setup_py']
[1.821s] Level 1:colcon.colcon_core.package_identification:_identify(src) by extension 'python_setup_py'
[1.822s] Level 1:colcon.colcon_core.package_identification:_identify(src/build) by extensions ['ignore', 'ignore_ament_install']
[1.822s] Level 1:colcon.colcon_core.package_identification:_identify(src/build) by extension 'ignore'
[1.822s] Level 1:colcon.colcon_core.package_identification:_identify(src/build) ignored
[1.822s] Level 1:colcon.colcon_core.package_identification:_identify(src/install) by extensions ['ignore', 'ignore_ament_install']
[1.823s] Level 1:colcon.colcon_core.package_identification:_identify(src/install) by extension 'ignore'
[1.823s] Level 1:colcon.colcon_core.package_identification:_identify(src/install) ignored
[1.823s] Level 1:colcon.colcon_core.package_identification:_identify(src/log) by extensions ['ignore', 'ignore_ament_install']
[1.823s] Level 1:colcon.colcon_core.package_identification:_identify(src/log) by extension 'ignore'
[1.823s] Level 1:colcon.colcon_core.package_identification:_identify(src/log) ignored
[1.824s] Level 1:colcon.colcon_core.package_identification:_identify(src/sheep_simulation) by extensions ['ignore', 'ignore_ament_install']
[1.824s] Level 1:colcon.colcon_core.package_identification:_identify(src/sheep_simulation) by extension 'ignore'
[1.825s] Level 1:colcon.colcon_core.package_identification:_identify(src/sheep_simulation) by extension 'ignore_ament_install'
[1.825s] Level 1:colcon.colcon_core.package_identification:_identify(src/sheep_simulation) by extensions ['colcon_pkg']
[1.825s] Level 1:colcon.colcon_core.package_identification:_identify(src/sheep_simulation) by extension 'colcon_pkg'
[1.825s] Level 1:colcon.colcon_core.package_identification:_identify(src/sheep_simulation) by extensions ['colcon_meta']
[1.825s] Level 1:colcon.colcon_core.package_identification:_identify(src/sheep_simulation) by extension 'colcon_meta'
[1.825s] Level 1:colcon.colcon_core.package_identification:_identify(src/sheep_simulation) by extensions ['ros']
[1.825s] Level 1:colcon.colcon_core.package_identification:_identify(src/sheep_simulation) by extension 'ros'
[1.841s] DEBUG:colcon.colcon_core.package_identification:Package 'src/sheep_simulation' with type 'ros.ament_python' and name 'sheep_simulation'
[1.841s] Level 1:colcon.colcon_core.package_discovery:discover_packages(recursive) using defaults
[1.841s] Level 1:colcon.colcon_core.package_discovery:discover_packages(ignore) discover
[1.841s] Level 1:colcon.colcon_core.package_discovery:discover_packages(ignore) using defaults
[1.841s] Level 1:colcon.colcon_core.package_discovery:discover_packages(path) discover
[1.842s] Level 1:colcon.colcon_core.package_discovery:discover_packages(path) using defaults
[1.960s] Level 1:colcon.colcon_core.package_discovery:discover_packages(prefix_path) check parameters
[1.960s] Level 1:colcon.colcon_core.package_discovery:discover_packages(prefix_path) discover
[1.970s] DEBUG:colcon.colcon_installed_package_information.package_discovery:Found 1 installed packages in /home/alaeddine/sheep_herding_ws/install
[1.977s] DEBUG:colcon.colcon_installed_package_information.package_discovery:Found 315 installed packages in /opt/ros/jazzy
[1.984s] Level 1:colcon.colcon_core.package_discovery:discover_packages(prefix_path) using defaults
[2.279s] Level 5:colcon.colcon_core.verb:set package 'sheep_simulation' build argument 'cmake_args' from command line to 'None'
[2.279s] Level 5:colcon.colcon_core.verb:set package 'sheep_simulation' build argument 'cmake_target' from command line to 'None'
[2.279s] Level 5:colcon.colcon_core.verb:set package 'sheep_simulation' build argument 'cmake_target_skip_unavailable' from command line to 'False'
[2.279s] Level 5:colcon.colcon_core.verb:set package 'sheep_simulation' build argument 'cmake_clean_cache' from command line to 'False'
[2.279s] Level 5:colcon.colcon_core.verb:set package 'sheep_simulation' build argument 'cmake_clean_first' from command line to 'False'
[2.279s] Level 5:colcon.colcon_core.verb:set package 'sheep_simulation' build argument 'cmake_force_configure' from command line to 'False'
[2.279s] Level 5:colcon.colcon_core.verb:set package 'sheep_simulation' build argument 'ament_cmake_args' from command line to 'None'
[2.279s] Level 5:colcon.colcon_core.verb:set package 'sheep_simulation' build argument 'catkin_cmake_args' from command line to 'None'
[2.280s] Level 5:colcon.colcon_core.verb:set package 'sheep_simulation' build argument 'catkin_skip_building_tests' from command line to 'False'
[2.280s] DEBUG:colcon.colcon_core.verb:Building package 'sheep_simulation' with the following arguments: {'ament_cmake_args': None, 'build_base': '/home/alaeddine/CS4048_SheepHerding/build/sheep_simulation', 'catkin_cmake_args': None, 'catkin_skip_building_tests': False, 'cmake_args': None, 'cmake_clean_cache': False, 'cmake_clean_first': False, 'cmake_force_configure': False, 'cmake_target': None, 'cmake_target_skip_unavailable': False, 'install_base': '/home/alaeddine/CS4048_SheepHerding/install/sheep_simulation', 'merge_install': False, 'path': '/home/alaeddine/CS4048_SheepHerding/src/sheep_simulation', 'symlink_install': False, 'test_result_base': None}
[2.280s] INFO:colcon.colcon_core.executor:Executing jobs using 'parallel' executor
[2.285s] DEBUG:colcon.colcon_parallel_executor.executor.parallel:run_until_complete
[2.286s] INFO:colcon.colcon_ros.task.ament_python.build:Building ROS package in '/home/alaeddine/CS4048_SheepHerding/src/sheep_simulation' with build type 'ament_python'
[2.287s] Level 1:colcon.colcon_core.shell:create_environment_hook('sheep_simulation', 'ament_prefix_path')
[2.305s] INFO:colcon.colcon_core.plugin_system:Skipping extension 'colcon_core.shell.bat': Not used on non-Windows systems
[2.306s] INFO:colcon.colcon_core.shell:Creating environment hook '/home/alaeddine/CS4048_SheepHerding/install/sheep_simulation/share/sheep_simulation/hook/ament_prefix_path.ps1'
[2.313s] INFO:colcon.colcon_core.shell:Creating environment descriptor '/home/alaeddine/CS4048_SheepHerding/install/sheep_simulation/share/sheep_simulation/hook/ament_prefix_path.dsv'
[2.315s] INFO:colcon.colcon_core.shell:Creating environment hook '/home/alaeddine/CS4048_SheepHerding/install/sheep_simulation/share/sheep_simulation/hook/ament_prefix_path.sh'
[2.318s] INFO:colcon.colcon_core.shell:Skip shell extension 'powershell' for command environment: Not usable outside of PowerShell
[2.318s] DEBUG:colcon.colcon_core.shell:Skip shell extension 'dsv' for command environment
[3.540s] INFO:colcon.colcon_core.task.python.build:Building Python package in '/home/alaeddine/CS4048_SheepHerding/src/sheep_simulation'
[3.541s] INFO:colcon.colcon_core.shell:Skip shell extension 'powershell' for command environment: Not usable outside of PowerShell
[3.541s] DEBUG:colcon.colcon_core.shell:Skip shell extension 'dsv' for command environment
[6.600s] DEBUG:colcon.colcon_core.event_handler.log_command:Invoking command in '/home/alaeddine/CS4048_SheepHerding/src/sheep_simulation': PYTHONPATH=/home/alaeddine/CS4048_SheepHerding/build/sheep_simulation/prefix_override:/usr/lib/python3/dist-packages/colcon_core/task/python/colcon_distutils_commands:/home/alaeddine/CS4048_SheepHerding/install/sheep_simulation/lib/python3.12/site-packages:${PYTHONPATH} /usr/bin/python3 -W ignore:setup.py install is deprecated setup.py egg_info --egg-base ../../build/sheep_simulation build --build-base /home/alaeddine/CS4048_SheepHerding/build/sheep_simulation/build install --record /home/alaeddine/CS4048_SheepHerding/build/sheep_simulation/install.log --single-version-externally-managed install_data
[8.761s] DEBUG:colcon.colcon_core.event_handler.log_command:Invoked command in '/home/alaeddine/CS4048_SheepHerding/src/sheep_simulation' returned '0': PYTHONPATH=/home/alaeddine/CS4048_SheepHerding/build/sheep_simulation/prefix_override:/usr/lib/python3/dist-packages/colcon_core/task/python/colcon_distutils_commands:/home/alaeddine/CS4048_SheepHerding/install/sheep_simulation/lib/python3.12/site-packages:${PYTHONPATH} /usr/bin/python3 -W ignore:setup.py install is deprecated setup.py egg_info --egg-base ../../build/sheep_simulation build --build-base /home/alaeddine/CS4048_SheepHerding/build/sheep_simulation/build install --record /home/alaeddine/CS4048_SheepHerding/build/sheep_simulation/install.log --single-version-externally-managed install_data
[8.773s] Level 1:colcon.colcon_core.environment:checking '/home/alaeddine/CS4048_SheepHerding/install/sheep_simulation' for CMake module files
[8.775s] Level 1:colcon.colcon_core.environment:checking '/home/alaeddine/CS4048_SheepHerding/install/sheep_simulation' for CMake config files
[8.777s] Level 1:colcon.colcon_core.environment:checking '/home/alaeddine/CS4048_SheepHerding/install/sheep_simulation/lib'
[8.778s] Level 1:colcon.colcon_core.environment:checking '/home/alaeddine/CS4048_SheepHerding/install/sheep_simulation/bin'
[8.778s] Level 1:colcon.colcon_core.environment:checking '/home/alaeddine/CS4048_SheepHerding/install/sheep_simulation/lib/pkgconfig/sheep_simulation.pc'
[8.778s] Level 1:colcon.colcon_core.environment:checking '/home/alaeddine/CS4048_SheepHerding/install/sheep_simulation/lib/python3.12/site-packages'
[8.779s] Level 1:colcon.colcon_core.shell:create_environment_hook('sheep_simulation', 'pythonpath')
[8.779s] INFO:colcon.colcon_core.shell:Creating environment hook '/home/alaeddine/CS4048_SheepHerding/install/sheep_simulation/share/sheep_simulation/hook/pythonpath.ps1'
[8.780s] INFO:colcon.colcon_core.shell:Creating environment descriptor '/home/alaeddine/CS4048_SheepHerding/install/sheep_simulation/share/sheep_simulation/hook/pythonpath.dsv'
[8.781s] INFO:colcon.colcon_core.shell:Creating environment hook '/home/alaeddine/CS4048_SheepHerding/install/sheep_simulation/share/sheep_simulation/hook/pythonpath.sh'
[8.783s] Level 1:colcon.colcon_core.environment:checking '/home/alaeddine/CS4048_SheepHerding/install/sheep_simulation/bin'
[8.783s] Level 1:colcon.colcon_core.environment:create_environment_scripts_only(sheep_simulation)
[8.784s] INFO:colcon.colcon_core.shell:Creating package script '/home/alaeddine/CS4048_SheepHerding/install/sheep_simulation/share/sheep_simulation/package.ps1'
[8.787s] INFO:colcon.colcon_core.shell:Creating package descriptor '/home/alaeddine/CS4048_SheepHerding/install/sheep_simulation/share/sheep_simulation/package.dsv'
[8.789s] INFO:colcon.colcon_core.shell:Creating package script '/home/alaeddine/CS4048_SheepHerding/install/sheep_simulation/share/sheep_simulation/package.sh'
[8.794s] INFO:colcon.colcon_core.shell:Creating package script '/home/alaeddine/CS4048_SheepHerding/install/sheep_simulation/share/sheep_simulation/package.bash'
[8.797s] INFO:colcon.colcon_core.shell:Creating package script '/home/alaeddine/CS4048_SheepHerding/install/sheep_simulation/share/sheep_simulation/package.zsh'
[8.799s] Level 1:colcon.colcon_core.environment:create_file_with_runtime_dependencies(/home/alaeddine/CS4048_SheepHerding/install/sheep_simulation/share/colcon-core/packages/sheep_simulation)
[8.805s] DEBUG:colcon.colcon_parallel_executor.executor.parallel:closing loop
[8.806s] DEBUG:colcon.colcon_parallel_executor.executor.parallel:loop closed
[8.808s] DEBUG:colcon.colcon_parallel_executor.executor.parallel:run_until_complete finished with '0'
[8.809s] DEBUG:colcon.colcon_core.event_reactor:joining thread
[9.180s] INFO:colcon.colcon_core.plugin_system:Skipping extension 'colcon_notification.desktop_notification.notify_send': Could not find 'notify-send'
[9.180s] INFO:colcon.colcon_core.plugin_system:Skipping extension 'colcon_notification.desktop_notification.terminal_notifier': Not used on non-Darwin systems
[9.181s] INFO:colcon.colcon_core.plugin_system:Skipping extension 'colcon_notification.desktop_notification.win32': Not used on non-Windows systems
[9.181s] INFO:colcon.colcon_notification.desktop_notification:Sending desktop notification using 'notify2'
[9.200s] DEBUG:colcon.colcon_notification.desktop_notification.notify2:Failed to initialize notify2: org.freedesktop.DBus.Error.ServiceUnknown: The name org.freedesktop.Notifications was not provided by any .service files
[9.201s] DEBUG:colcon.colcon_core.event_reactor:joined thread
[9.202s] INFO:colcon.colcon_core.shell:Creating prefix script '/home/alaeddine/CS4048_SheepHerding/install/local_setup.ps1'
[9.207s] INFO:colcon.colcon_core.shell:Creating prefix util module '/home/alaeddine/CS4048_SheepHerding/install/_local_setup_util_ps1.py'
[9.211s] INFO:colcon.colcon_core.shell:Creating prefix chain script '/home/alaeddine/CS4048_SheepHerding/install/setup.ps1'
[9.216s] INFO:colcon.colcon_core.shell:Creating prefix script '/home/alaeddine/CS4048_SheepHerding/install/local_setup.sh'
[9.220s] INFO:colcon.colcon_core.shell:Creating prefix util module '/home/alaeddine/CS4048_SheepHerding/install/_local_setup_util_sh.py'
[9.222s] INFO:colcon.colcon_core.shell:Creating prefix chain script '/home/alaeddine/CS4048_SheepHerding/install/setup.sh'
[9.226s] INFO:colcon.colcon_core.shell:Creating prefix script '/home/alaeddine/CS4048_SheepHerding/install/local_setup.bash'
[9.227s] INFO:colcon.colcon_core.shell:Creating prefix chain script '/home/alaeddine/CS4048_SheepHerding/install/setup.bash'
[9.230s] INFO:colcon.colcon_core.shell:Creating prefix script '/home/alaeddine/CS4048_SheepHerding/install/local_setup.zsh'
[9.233s] INFO:colcon.colcon_core.shell:Creating prefix chain script '/home/alaeddine/CS4048_SheepHerding/install/setup.zsh'
