[3.015s] Invoking command in '/home/alaeddine/CS4048_SheepHerding/src/sheep_simulation': PYTHONPATH=/home/alaeddine/CS4048_SheepHerding/build/sheep_simulation/prefix_override:/usr/lib/python3/dist-packages/colcon_core/task/python/colcon_distutils_commands:/home/alaeddine/CS4048_SheepHerding/install/sheep_simulation/lib/python3.12/site-packages:${PYTHONPATH} /usr/bin/python3 -W ignore:setup.py install is deprecated setup.py egg_info --egg-base ../../build/sheep_simulation build --build-base /home/alaeddine/CS4048_SheepHerding/build/sheep_simulation/build install --record /home/alaeddine/CS4048_SheepHerding/build/sheep_simulation/install.log --single-version-externally-managed
[3.949s] running egg_info
[4.016s] writing ../../build/sheep_simulation/sheep_simulation.egg-info/PKG-INFO
[4.017s] writing dependency_links to ../../build/sheep_simulation/sheep_simulation.egg-info/dependency_links.txt
[4.018s] writing entry points to ../../build/sheep_simulation/sheep_simulation.egg-info/entry_points.txt
[4.019s] writing requirements to ../../build/sheep_simulation/sheep_simulation.egg-info/requires.txt
[4.020s] writing top-level names to ../../build/sheep_simulation/sheep_simulation.egg-info/top_level.txt
[4.174s] reading manifest file '../../build/sheep_simulation/sheep_simulation.egg-info/SOURCES.txt'
[4.177s] writing manifest file '../../build/sheep_simulation/sheep_simulation.egg-info/SOURCES.txt'
[4.178s] running build
[4.179s] running build_py
[4.180s] copying sheep_simulation/sheep_node.py -> /home/alaeddine/CS4048_SheepHerding/build/sheep_simulation/build/lib/sheep_simulation
[4.180s] running install
[4.199s] running install_lib
[4.271s] copying /home/alaeddine/CS4048_SheepHerding/build/sheep_simulation/build/lib/sheep_simulation/sheep_node.py -> /home/alaeddine/CS4048_SheepHerding/install/sheep_simulation/lib/python3.12/site-packages/sheep_simulation
[4.273s] byte-compiling /home/alaeddine/CS4048_SheepHerding/install/sheep_simulation/lib/python3.12/site-packages/sheep_simulation/sheep_node.py to sheep_node.cpython-312.pyc
[4.277s] running install_egg_info
[4.356s] Copying ../../build/sheep_simulation/sheep_simulation.egg-info to /home/alaeddine/CS4048_SheepHerding/install/sheep_simulation/lib/python3.12/site-packages/sheep_simulation-0.0.1-py3.12.egg-info
[4.362s] running install_scripts
[4.833s] Installing sheep_node script to /home/alaeddine/CS4048_SheepHerding/install/sheep_simulation/lib/sheep_simulation
[4.834s] Installing wolf_node script to /home/alaeddine/CS4048_SheepHerding/install/sheep_simulation/lib/sheep_simulation
[4.836s] writing list of installed files to '/home/alaeddine/CS4048_SheepHerding/build/sheep_simulation/install.log'
[4.938s] Invoked command in '/home/alaeddine/CS4048_SheepHerding/src/sheep_simulation' returned '0': PYTHONPATH=/home/alaeddine/CS4048_SheepHerding/build/sheep_simulation/prefix_override:/usr/lib/python3/dist-packages/colcon_core/task/python/colcon_distutils_commands:/home/alaeddine/CS4048_SheepHerding/install/sheep_simulation/lib/python3.12/site-packages:${PYTHONPATH} /usr/bin/python3 -W ignore:setup.py install is deprecated setup.py egg_info --egg-base ../../build/sheep_simulation build --build-base /home/alaeddine/CS4048_SheepHerding/build/sheep_simulation/build install --record /home/alaeddine/CS4048_SheepHerding/build/sheep_simulation/install.log --single-version-externally-managed
