[1.964s] Invoking command in '/home/alaeddine/sheep_herding_ws/src/sheep_simulation': PYTHONPATH=/home/alaeddine/sheep_herding_ws/build/sheep_simulation/prefix_override:/usr/lib/python3/dist-packages/colcon_core/task/python/colcon_distutils_commands:/home/alaeddine/sheep_herding_ws/install/sheep_simulation/lib/python3.12/site-packages:${PYTHONPATH} /usr/bin/python3 -W ignore:setup.py install is deprecated setup.py egg_info --egg-base ../../build/sheep_simulation build --build-base /home/alaeddine/sheep_herding_ws/build/sheep_simulation/build install --record /home/alaeddine/sheep_herding_ws/build/sheep_simulation/install.log --single-version-externally-managed install_data
[2.364s] running egg_info
[2.364s] creating ../../build/sheep_simulation/sheep_simulation.egg-info
[2.396s] writing ../../build/sheep_simulation/sheep_simulation.egg-info/PKG-INFO
[2.396s] writing dependency_links to ../../build/sheep_simulation/sheep_simulation.egg-info/dependency_links.txt
[2.397s] writing entry points to ../../build/sheep_simulation/sheep_simulation.egg-info/entry_points.txt
[2.398s] writing requirements to ../../build/sheep_simulation/sheep_simulation.egg-info/requires.txt
[2.398s] writing top-level names to ../../build/sheep_simulation/sheep_simulation.egg-info/top_level.txt
[2.398s] writing manifest file '../../build/sheep_simulation/sheep_simulation.egg-info/SOURCES.txt'
[2.462s] reading manifest file '../../build/sheep_simulation/sheep_simulation.egg-info/SOURCES.txt'
[2.463s] writing manifest file '../../build/sheep_simulation/sheep_simulation.egg-info/SOURCES.txt'
[2.463s] running build
[2.463s] running build_py
[2.464s] creating /home/alaeddine/sheep_herding_ws/build/sheep_simulation/build
[2.464s] creating /home/alaeddine/sheep_herding_ws/build/sheep_simulation/build/lib
[2.464s] creating /home/alaeddine/sheep_herding_ws/build/sheep_simulation/build/lib/sheep_simulation
[2.465s] copying sheep_simulation/sheep_node.py -> /home/alaeddine/sheep_herding_ws/build/sheep_simulation/build/lib/sheep_simulation
[2.465s] copying sheep_simulation/__init__.py -> /home/alaeddine/sheep_herding_ws/build/sheep_simulation/build/lib/sheep_simulation
[2.465s] running install
[2.474s] running install_lib
[2.506s] creating /home/alaeddine/sheep_herding_ws/install/sheep_simulation/lib/python3.12/site-packages/sheep_simulation
[2.507s] copying /home/alaeddine/sheep_herding_ws/build/sheep_simulation/build/lib/sheep_simulation/sheep_node.py -> /home/alaeddine/sheep_herding_ws/install/sheep_simulation/lib/python3.12/site-packages/sheep_simulation
[2.507s] copying /home/alaeddine/sheep_herding_ws/build/sheep_simulation/build/lib/sheep_simulation/__init__.py -> /home/alaeddine/sheep_herding_ws/install/sheep_simulation/lib/python3.12/site-packages/sheep_simulation
[2.508s] byte-compiling /home/alaeddine/sheep_herding_ws/install/sheep_simulation/lib/python3.12/site-packages/sheep_simulation/sheep_node.py to sheep_node.cpython-312.pyc
[2.509s] byte-compiling /home/alaeddine/sheep_herding_ws/install/sheep_simulation/lib/python3.12/site-packages/sheep_simulation/__init__.py to __init__.cpython-312.pyc
[2.510s] running install_data
[2.510s] creating /home/alaeddine/sheep_herding_ws/install/sheep_simulation/share/ament_index
[2.510s] creating /home/alaeddine/sheep_herding_ws/install/sheep_simulation/share/ament_index/resource_index
[2.511s] creating /home/alaeddine/sheep_herding_ws/install/sheep_simulation/share/ament_index/resource_index/packages
[2.511s] copying resource/sheep_simulation -> /home/alaeddine/sheep_herding_ws/install/sheep_simulation/share/ament_index/resource_index/packages
[2.511s] copying package.xml -> /home/alaeddine/sheep_herding_ws/install/sheep_simulation/share/sheep_simulation
[2.512s] running install_egg_info
[2.543s] Copying ../../build/sheep_simulation/sheep_simulation.egg-info to /home/alaeddine/sheep_herding_ws/install/sheep_simulation/lib/python3.12/site-packages/sheep_simulation-0.0.0-py3.12.egg-info
[2.546s] running install_scripts
[2.741s] Installing sheep_node script to /home/alaeddine/sheep_herding_ws/install/sheep_simulation/lib/sheep_simulation
[2.745s] writing list of installed files to '/home/alaeddine/sheep_herding_ws/build/sheep_simulation/install.log'
[2.808s] Invoked command in '/home/alaeddine/sheep_herding_ws/src/sheep_simulation' returned '0': PYTHONPATH=/home/alaeddine/sheep_herding_ws/build/sheep_simulation/prefix_override:/usr/lib/python3/dist-packages/colcon_core/task/python/colcon_distutils_commands:/home/alaeddine/sheep_herding_ws/install/sheep_simulation/lib/python3.12/site-packages:${PYTHONPATH} /usr/bin/python3 -W ignore:setup.py install is deprecated setup.py egg_info --egg-base ../../build/sheep_simulation build --build-base /home/alaeddine/sheep_herding_ws/build/sheep_simulation/build install --record /home/alaeddine/sheep_herding_ws/build/sheep_simulation/install.log --single-version-externally-managed install_data
