[4.310s] Invoking command in '/home/alaeddine/CS4048_SheepHerding/src/sheep_simulation': PYTHONPATH=/home/alaeddine/CS4048_SheepHerding/build/sheep_simulation/prefix_override:/usr/lib/python3/dist-packages/colcon_core/task/python/colcon_distutils_commands:/home/alaeddine/CS4048_SheepHerding/install/sheep_simulation/lib/python3.12/site-packages:${PYTHONPATH} /usr/bin/python3 -W ignore:setup.py install is deprecated setup.py egg_info --egg-base ../../build/sheep_simulation build --build-base /home/alaeddine/CS4048_SheepHerding/build/sheep_simulation/build install --record /home/alaeddine/CS4048_SheepHerding/build/sheep_simulation/install.log --single-version-externally-managed install_data
[5.340s] running egg_info
[5.341s] creating ../../build/sheep_simulation/sheep_simulation.egg-info
[5.415s] writing ../../build/sheep_simulation/sheep_simulation.egg-info/PKG-INFO
[5.417s] writing dependency_links to ../../build/sheep_simulation/sheep_simulation.egg-info/dependency_links.txt
[5.418s] writing entry points to ../../build/sheep_simulation/sheep_simulation.egg-info/entry_points.txt
[5.419s] writing requirements to ../../build/sheep_simulation/sheep_simulation.egg-info/requires.txt
[5.420s] writing top-level names to ../../build/sheep_simulation/sheep_simulation.egg-info/top_level.txt
[5.421s] writing manifest file '../../build/sheep_simulation/sheep_simulation.egg-info/SOURCES.txt'
[5.571s] reading manifest file '../../build/sheep_simulation/sheep_simulation.egg-info/SOURCES.txt'
[5.575s] writing manifest file '../../build/sheep_simulation/sheep_simulation.egg-info/SOURCES.txt'
[5.576s] running build
[5.576s] running build_py
[5.578s] creating /home/alaeddine/CS4048_SheepHerding/build/sheep_simulation/build
[5.578s] creating /home/alaeddine/CS4048_SheepHerding/build/sheep_simulation/build/lib
[5.579s] creating /home/alaeddine/CS4048_SheepHerding/build/sheep_simulation/build/lib/sheep_simulation
[5.581s] copying sheep_simulation/sheep_node.py -> /home/alaeddine/CS4048_SheepHerding/build/sheep_simulation/build/lib/sheep_simulation
[5.582s] copying sheep_simulation/__init__.py -> /home/alaeddine/CS4048_SheepHerding/build/sheep_simulation/build/lib/sheep_simulation
[5.583s] copying sheep_simulation/wolf_node.py -> /home/alaeddine/CS4048_SheepHerding/build/sheep_simulation/build/lib/sheep_simulation
[5.584s] running install
[5.604s] running install_lib
[5.691s] creating /home/alaeddine/CS4048_SheepHerding/install/sheep_simulation/lib/python3.12/site-packages/sheep_simulation
[5.692s] copying /home/alaeddine/CS4048_SheepHerding/build/sheep_simulation/build/lib/sheep_simulation/sheep_node.py -> /home/alaeddine/CS4048_SheepHerding/install/sheep_simulation/lib/python3.12/site-packages/sheep_simulation
[5.693s] copying /home/alaeddine/CS4048_SheepHerding/build/sheep_simulation/build/lib/sheep_simulation/__init__.py -> /home/alaeddine/CS4048_SheepHerding/install/sheep_simulation/lib/python3.12/site-packages/sheep_simulation
[5.693s] copying /home/alaeddine/CS4048_SheepHerding/build/sheep_simulation/build/lib/sheep_simulation/wolf_node.py -> /home/alaeddine/CS4048_SheepHerding/install/sheep_simulation/lib/python3.12/site-packages/sheep_simulation
[5.696s] byte-compiling /home/alaeddine/CS4048_SheepHerding/install/sheep_simulation/lib/python3.12/site-packages/sheep_simulation/sheep_node.py to sheep_node.cpython-312.pyc
[5.702s] byte-compiling /home/alaeddine/CS4048_SheepHerding/install/sheep_simulation/lib/python3.12/site-packages/sheep_simulation/__init__.py to __init__.cpython-312.pyc
[5.703s] byte-compiling /home/alaeddine/CS4048_SheepHerding/install/sheep_simulation/lib/python3.12/site-packages/sheep_simulation/wolf_node.py to wolf_node.cpython-312.pyc
[5.705s] running install_data
[5.706s] creating /home/alaeddine/CS4048_SheepHerding/install/sheep_simulation/share/ament_index
[5.707s] creating /home/alaeddine/CS4048_SheepHerding/install/sheep_simulation/share/ament_index/resource_index
[5.708s] creating /home/alaeddine/CS4048_SheepHerding/install/sheep_simulation/share/ament_index/resource_index/packages
[5.709s] copying resource/sheep_simulation -> /home/alaeddine/CS4048_SheepHerding/install/sheep_simulation/share/ament_index/resource_index/packages
[5.710s] copying package.xml -> /home/alaeddine/CS4048_SheepHerding/install/sheep_simulation/share/sheep_simulation
[5.711s] running install_egg_info
[5.811s] Copying ../../build/sheep_simulation/sheep_simulation.egg-info to /home/alaeddine/CS4048_SheepHerding/install/sheep_simulation/lib/python3.12/site-packages/sheep_simulation-0.0.0-py3.12.egg-info
[5.816s] running install_scripts
[6.360s] Installing sheep_node script to /home/alaeddine/CS4048_SheepHerding/install/sheep_simulation/lib/sheep_simulation
[6.362s] writing list of installed files to '/home/alaeddine/CS4048_SheepHerding/build/sheep_simulation/install.log'
[6.472s] Invoked command in '/home/alaeddine/CS4048_SheepHerding/src/sheep_simulation' returned '0': PYTHONPATH=/home/alaeddine/CS4048_SheepHerding/build/sheep_simulation/prefix_override:/usr/lib/python3/dist-packages/colcon_core/task/python/colcon_distutils_commands:/home/alaeddine/CS4048_SheepHerding/install/sheep_simulation/lib/python3.12/site-packages:${PYTHONPATH} /usr/bin/python3 -W ignore:setup.py install is deprecated setup.py egg_info --egg-base ../../build/sheep_simulation build --build-base /home/alaeddine/CS4048_SheepHerding/build/sheep_simulation/build install --record /home/alaeddine/CS4048_SheepHerding/build/sheep_simulation/install.log --single-version-externally-managed install_data
